  game_simulator.cpp
C:\Users\Goblin\Desktop\game_simulator\Model.cpp(48): warning C4715: PlayerManager::GetPlayerByName: значение возвращается не при всех путях выполнения
C:\Users\Goblin\Desktop\game_simulator\Model.cpp(54): warning C4715: PlayerManager::GetPlayerById: значение возвращается не при всех путях выполнения
C:\Users\Goblin\Desktop\game_simulator\Model.cpp(60): warning C4715: PlayerManager::ShowPlayerInfo: значение возвращается не при всех путях выполнения
C:\Users\Goblin\Desktop\game_simulator\Model.cpp(84): warning C4715: HeroManager::GetHeroByName: значение возвращается не при всех путях выполнения
C:\Users\Goblin\Desktop\game_simulator\Model.cpp(90): warning C4715: HeroManager::GetHeroById: значение возвращается не при всех путях выполнения
C:\Users\Goblin\Desktop\game_simulator\Model.cpp(96): warning C4715: HeroManager::ShowHeroInfo: значение возвращается не при всех путях выполнения
  LINK : не найден или не выполнена сборка C:\Users\Goblin\Desktop\game_simulator\Debug\game_simulator.exe при последней инкрементной компоновке; выполняется полная компоновка
Model.obj : error LNK2005: "public: __thiscall Hero::Hero(int,class std::basic_string<char,struct std::char_traits<char>,class std::allocator<char> >,int,int)" (??0Hero@@QAE@HV?$basic_string@DU?$char_traits@D@std@@V?$allocator@D@2@@std@@HH@Z) уже определен в game_simulator.obj
Model.obj : error LNK2005: "public: __thiscall Player::Player(int,class std::basic_string<char,struct std::char_traits<char>,class std::allocator<char> >,int)" (??0Player@@QAE@HV?$basic_string@DU?$char_traits@D@std@@V?$allocator@D@2@@std@@H@Z) уже определен в game_simulator.obj
Model.obj : error LNK2005: "public: __thiscall Session::Session(class Team const &,class Team const &)" (??0Session@@QAE@ABVTeam@@0@Z) уже определен в game_simulator.obj
Model.obj : error LNK2005: "public: __thiscall Team::Team(class std::basic_string<char,struct std::char_traits<char>,class std::allocator<char> >,struct TeamPlayer * const)" (??0Team@@QAE@V?$basic_string@DU?$char_traits@D@std@@V?$allocator@D@2@@std@@QAUTeamPlayer@@@Z) уже определен в game_simulator.obj
Model.obj : error LNK2005: "public: void __thiscall Session::CalculateWinner(void)" (?CalculateWinner@Session@@QAEXXZ) уже определен в game_simulator.obj
Model.obj : error LNK2005: "public: void __thiscall Player::ChangeRank(int)" (?ChangeRank@Player@@QAEXH@Z) уже определен в game_simulator.obj
Model.obj : error LNK2005: "public: void __thiscall HeroManager::CreateHero(int,class std::basic_string<char,struct std::char_traits<char>,class std::allocator<char> >,int,int)" (?CreateHero@HeroManager@@QAEXHV?$basic_string@DU?$char_traits@D@std@@V?$allocator@D@2@@std@@HH@Z) уже определен в game_simulator.obj
Model.obj : error LNK2005: "public: void __thiscall HeroManager::CreateHero(class Hero)" (?CreateHero@HeroManager@@QAEXVHero@@@Z) уже определен в game_simulator.obj
Model.obj : error LNK2005: "public: void __thiscall PlayerManager::CreatePlayer(int,class std::basic_string<char,struct std::char_traits<char>,class std::allocator<char> >,int)" (?CreatePlayer@PlayerManager@@QAEXHV?$basic_string@DU?$char_traits@D@std@@V?$allocator@D@2@@std@@H@Z) уже определен в game_simulator.obj
Model.obj : error LNK2005: "public: void __thiscall PlayerManager::CreatePlayer(class Player)" (?CreatePlayer@PlayerManager@@QAEXVPlayer@@@Z) уже определен в game_simulator.obj
Model.obj : error LNK2005: "public: void __thiscall HeroManager::DeleteHero(int)" (?DeleteHero@HeroManager@@QAEXH@Z) уже определен в game_simulator.obj
Model.obj : error LNK2005: "public: void __thiscall PlayerManager::DeletePlayer(int)" (?DeletePlayer@PlayerManager@@QAEXH@Z) уже определен в game_simulator.obj
Model.obj : error LNK2005: "public: void __thiscall TeamManager::GenerateNewTeam(class Team)" (?GenerateNewTeam@TeamManager@@QAEXVTeam@@@Z) уже определен в game_simulator.obj
Model.obj : error LNK2005: "public: class Hero __thiscall HeroManager::GetHeroById(int)" (?GetHeroById@HeroManager@@QAE?AVHero@@H@Z) уже определен в game_simulator.obj
Model.obj : error LNK2005: "public: class Hero __thiscall HeroManager::GetHeroByName(class std::basic_string<char,struct std::char_traits<char>,class std::allocator<char> >)" (?GetHeroByName@HeroManager@@QAE?AVHero@@V?$basic_string@DU?$char_traits@D@std@@V?$allocator@D@2@@std@@@Z) уже определен в game_simulator.obj
Model.obj : error LNK2005: "public: class Player __thiscall PlayerManager::GetPlayerById(int)" (?GetPlayerById@PlayerManager@@QAE?AVPlayer@@H@Z) уже определен в game_simulator.obj
Model.obj : error LNK2005: "public: class Player __thiscall PlayerManager::GetPlayerByName(class std::basic_string<char,struct std::char_traits<char>,class std::allocator<char> >)" (?GetPlayerByName@PlayerManager@@QAE?AVPlayer@@V?$basic_string@DU?$char_traits@D@std@@V?$allocator@D@2@@std@@@Z) уже определен в game_simulator.obj
Model.obj : error LNK2005: "public: class std::basic_string<char,struct std::char_traits<char>,class std::allocator<char> > __thiscall Session::GetSessionInformation(void)" (?GetSessionInformation@Session@@QAE?AV?$basic_string@DU?$char_traits@D@std@@V?$allocator@D@2@@std@@XZ) уже определен в game_simulator.obj
Model.obj : error LNK2005: "public: class std::basic_string<char,struct std::char_traits<char>,class std::allocator<char> > __thiscall TeamManager::GetTeamInfo(class std::basic_string<char,struct std::char_traits<char>,class std::allocator<char> >,class PlayerManager const &,class HeroManager const &)" (?GetTeamInfo@TeamManager@@QAE?AV?$basic_string@DU?$char_traits@D@std@@V?$allocator@D@2@@std@@V23@ABVPlayerManager@@ABVHeroManager@@@Z) уже определен в game_simulator.obj
Model.obj : error LNK2005: "public: class std::basic_string<char,struct std::char_traits<char>,class std::allocator<char> > __thiscall Session::GetWinnerInformation(void)" (?GetWinnerInformation@Session@@QAE?AV?$basic_string@DU?$char_traits@D@std@@V?$allocator@D@2@@std@@XZ) уже определен в game_simulator.obj
Model.obj : error LNK2005: "public: void __thiscall GameManager::PerformGameSession(class Team const &,class Team const &)" (?PerformGameSession@GameManager@@QAEXABVTeam@@0@Z) уже определен в game_simulator.obj
Model.obj : error LNK2005: "public: class std::basic_string<char,struct std::char_traits<char>,class std::allocator<char> > __thiscall HeroManager::ShowHeroInfo(int)const " (?ShowHeroInfo@HeroManager@@QBE?AV?$basic_string@DU?$char_traits@D@std@@V?$allocator@D@2@@std@@H@Z) уже определен в game_simulator.obj
Model.obj : error LNK2005: "public: class std::basic_string<char,struct std::char_traits<char>,class std::allocator<char> > __thiscall PlayerManager::ShowPlayerInfo(int)const " (?ShowPlayerInfo@PlayerManager@@QBE?AV?$basic_string@DU?$char_traits@D@std@@V?$allocator@D@2@@std@@H@Z) уже определен в game_simulator.obj
C:\Users\Goblin\Desktop\game_simulator\Debug\game_simulator.exe : fatal error LNK1169: обнаружен многократно определенный символ - один или более
